2013/09/05 10:17:15 [error] [system.db.CDbCommand] Error in preparing SQL: CREATE TABLE 'tbl_project' (
	"id" integer PRIMARY KEY AUTOINCREMENT NOT NULL,
	"name" varchar(255) NOT NULL,
	"description" text NOT NULL,
	"create_time" datetime DEFAULT NULL,
	"create_user_id" int(11) DEFAULT NULL,
	"update_time" datetime DEFAULT NULL,
	"update_user_id" int(11) DEFAULT NULL,
	"" 
) ENGINE=InnoDB
2013/09/05 10:17:15 [error] [system.db.CDbCommand] CDbCommand::execute() failed: CDbCommand failed to prepare the SQL statement: SQLSTATE[HY000]: General error: 1 near "ENGINE": syntax error. The SQL statement executed was: CREATE TABLE 'tbl_project' (
	"id" integer PRIMARY KEY AUTOINCREMENT NOT NULL,
	"name" varchar(255) NOT NULL,
	"description" text NOT NULL,
	"create_time" datetime DEFAULT NULL,
	"create_user_id" int(11) DEFAULT NULL,
	"update_time" datetime DEFAULT NULL,
	"update_user_id" int(11) DEFAULT NULL,
	"" 
) ENGINE=InnoDB.
2013/09/05 10:17:15 [error] [exception.CDbException] exception 'CDbException' with message 'CDbCommand failed to execute the SQL statement: CDbCommand failed to prepare the SQL statement: SQLSTATE[HY000]: General error: 1 near "ENGINE": syntax error. The SQL statement executed was: CREATE TABLE 'tbl_project' (
	"id" integer PRIMARY KEY AUTOINCREMENT NOT NULL,
	"name" varchar(255) NOT NULL,
	"description" text NOT NULL,
	"create_time" datetime DEFAULT NULL,
	"create_user_id" int(11) DEFAULT NULL,
	"update_time" datetime DEFAULT NULL,
	"update_user_id" int(11) DEFAULT NULL,
	"" 
) ENGINE=InnoDB' in /home/kehuang/Codes/Web/Framework/Yii/db/CDbCommand.php:358
Stack trace:
#0 /home/kehuang/Codes/Web/Framework/Yii/db/CDbCommand.php(1324): CDbCommand->execute()
#1 /home/kehuang/Codes/Web/Framework/Yii/db/CDbMigration.php(233): CDbCommand->createTable('tbl_project', Array, 'ENGINE=InnoDB')
#2 /home/kehuang/Codes/Web/trackstar/protected/migrations/m130905_020333_create_project_table.php(15): CDbMigration->createTable('tbl_project', Array, 'ENGINE=InnoDB')
#3 /home/kehuang/Codes/Web/Framework/Yii/cli/commands/MigrateCommand.php(385): m130905_020333_create_project_table->up()
#4 /home/kehuang/Codes/Web/Framework/Yii/cli/commands/MigrateCommand.php(109): MigrateCommand->migrateUp('m130905_020333_...')
#5 [internal function]: MigrateCommand->actionUp(Array)
#6 /home/kehuang/Codes/Web/Framework/Yii/console/CConsoleCommand.php(172): ReflectionMethod->invokeArgs(Object(MigrateCommand), Array)
#7 /home/kehuang/Codes/Web/Framework/Yii/console/CConsoleCommandRunner.php(71): CConsoleCommand->run(Array)
#8 /home/kehuang/Codes/Web/Framework/Yii/console/CConsoleApplication.php(92): CConsoleCommandRunner->run(Array)
#9 /home/kehuang/Codes/Web/Framework/Yii/base/CApplication.php(180): CConsoleApplication->processRequest()
#10 /home/kehuang/Codes/Web/Framework/Yii/yiic.php(33): CApplication->run()
#11 /home/kehuang/Codes/Web/trackstar/protected/yiic.php(7): require_once('/home/kehuang/C...')
#12 /home/kehuang/Codes/Web/trackstar/protected/yiic(4): require_once('/home/kehuang/C...')
#13 {main}
---
2013/09/05 10:18:23 [error] [system.db.CDbCommand] Error in preparing SQL: CREATE TABLE 'tbl_project' (
	"id" integer PRIMARY KEY AUTOINCREMENT NOT NULL,
	"name" varchar(255) NOT NULL,
	"description" text NOT NULL,
	"create_time" datetime DEFAULT NULL,
	"create_user_id" int(11) DEFAULT NULL,
	"update_time" datetime DEFAULT NULL,
	"update_user_id" int(11) DEFAULT NULL
) ENGINE=InnoDB
2013/09/05 10:18:23 [error] [system.db.CDbCommand] CDbCommand::execute() failed: CDbCommand failed to prepare the SQL statement: SQLSTATE[HY000]: General error: 1 near "ENGINE": syntax error. The SQL statement executed was: CREATE TABLE 'tbl_project' (
	"id" integer PRIMARY KEY AUTOINCREMENT NOT NULL,
	"name" varchar(255) NOT NULL,
	"description" text NOT NULL,
	"create_time" datetime DEFAULT NULL,
	"create_user_id" int(11) DEFAULT NULL,
	"update_time" datetime DEFAULT NULL,
	"update_user_id" int(11) DEFAULT NULL
) ENGINE=InnoDB.
2013/09/05 10:18:23 [error] [exception.CDbException] exception 'CDbException' with message 'CDbCommand failed to execute the SQL statement: CDbCommand failed to prepare the SQL statement: SQLSTATE[HY000]: General error: 1 near "ENGINE": syntax error. The SQL statement executed was: CREATE TABLE 'tbl_project' (
	"id" integer PRIMARY KEY AUTOINCREMENT NOT NULL,
	"name" varchar(255) NOT NULL,
	"description" text NOT NULL,
	"create_time" datetime DEFAULT NULL,
	"create_user_id" int(11) DEFAULT NULL,
	"update_time" datetime DEFAULT NULL,
	"update_user_id" int(11) DEFAULT NULL
) ENGINE=InnoDB' in /home/kehuang/Codes/Web/Framework/Yii/db/CDbCommand.php:358
Stack trace:
#0 /home/kehuang/Codes/Web/Framework/Yii/db/CDbCommand.php(1324): CDbCommand->execute()
#1 /home/kehuang/Codes/Web/Framework/Yii/db/CDbMigration.php(233): CDbCommand->createTable('tbl_project', Array, 'ENGINE=InnoDB')
#2 /home/kehuang/Codes/Web/trackstar/protected/migrations/m130905_020333_create_project_table.php(14): CDbMigration->createTable('tbl_project', Array, 'ENGINE=InnoDB')
#3 /home/kehuang/Codes/Web/Framework/Yii/cli/commands/MigrateCommand.php(385): m130905_020333_create_project_table->up()
#4 /home/kehuang/Codes/Web/Framework/Yii/cli/commands/MigrateCommand.php(109): MigrateCommand->migrateUp('m130905_020333_...')
#5 [internal function]: MigrateCommand->actionUp(Array)
#6 /home/kehuang/Codes/Web/Framework/Yii/console/CConsoleCommand.php(172): ReflectionMethod->invokeArgs(Object(MigrateCommand), Array)
#7 /home/kehuang/Codes/Web/Framework/Yii/console/CConsoleCommandRunner.php(71): CConsoleCommand->run(Array)
#8 /home/kehuang/Codes/Web/Framework/Yii/console/CConsoleApplication.php(92): CConsoleCommandRunner->run(Array)
#9 /home/kehuang/Codes/Web/Framework/Yii/base/CApplication.php(180): CConsoleApplication->processRequest()
#10 /home/kehuang/Codes/Web/Framework/Yii/yiic.php(33): CApplication->run()
#11 /home/kehuang/Codes/Web/trackstar/protected/yiic.php(7): require_once('/home/kehuang/C...')
#12 /home/kehuang/Codes/Web/trackstar/protected/yiic(4): require_once('/home/kehuang/C...')
#13 {main}
---
2013/09/05 10:35:46 [error] [system.db.CDbCommand] Error in preparing SQL: CREATE TABLE 'tbl_project' (
	"id" integer PRIMARY KEY AUTOINCREMENT NOT NULL,
	"name" varchar(255) NOT NULL,
	"description" text NOT NULL,
	"create_time" datetime DEFAULT NULL,
	"create_user_id" int(11) DEFAULT NULL,
	"update_time" datetime DEFAULT NULL,
	"update_user_id" int(11) DEFAULT NULL
) ENGINE=InnoDB
2013/09/05 10:35:46 [error] [system.db.CDbCommand] CDbCommand::execute() failed: CDbCommand failed to prepare the SQL statement: SQLSTATE[HY000]: General error: 1 near "ENGINE": syntax error. The SQL statement executed was: CREATE TABLE 'tbl_project' (
	"id" integer PRIMARY KEY AUTOINCREMENT NOT NULL,
	"name" varchar(255) NOT NULL,
	"description" text NOT NULL,
	"create_time" datetime DEFAULT NULL,
	"create_user_id" int(11) DEFAULT NULL,
	"update_time" datetime DEFAULT NULL,
	"update_user_id" int(11) DEFAULT NULL
) ENGINE=InnoDB.
2013/09/05 10:35:46 [error] [exception.CDbException] exception 'CDbException' with message 'CDbCommand failed to execute the SQL statement: CDbCommand failed to prepare the SQL statement: SQLSTATE[HY000]: General error: 1 near "ENGINE": syntax error. The SQL statement executed was: CREATE TABLE 'tbl_project' (
	"id" integer PRIMARY KEY AUTOINCREMENT NOT NULL,
	"name" varchar(255) NOT NULL,
	"description" text NOT NULL,
	"create_time" datetime DEFAULT NULL,
	"create_user_id" int(11) DEFAULT NULL,
	"update_time" datetime DEFAULT NULL,
	"update_user_id" int(11) DEFAULT NULL
) ENGINE=InnoDB' in /home/kehuang/Codes/Web/Framework/Yii/db/CDbCommand.php:358
Stack trace:
#0 /home/kehuang/Codes/Web/Framework/Yii/db/CDbCommand.php(1324): CDbCommand->execute()
#1 /home/kehuang/Codes/Web/Framework/Yii/db/CDbMigration.php(233): CDbCommand->createTable('tbl_project', Array, 'ENGINE=InnoDB')
#2 /home/kehuang/Codes/Web/trackstar/protected/migrations/m130905_022423_create_project_table.php(14): CDbMigration->createTable('tbl_project', Array, 'ENGINE=InnoDB')
#3 /home/kehuang/Codes/Web/Framework/Yii/cli/commands/MigrateCommand.php(385): m130905_022423_create_project_table->up()
#4 /home/kehuang/Codes/Web/Framework/Yii/cli/commands/MigrateCommand.php(109): MigrateCommand->migrateUp('m130905_022423_...')
#5 [internal function]: MigrateCommand->actionUp(Array)
#6 /home/kehuang/Codes/Web/Framework/Yii/console/CConsoleCommand.php(172): ReflectionMethod->invokeArgs(Object(MigrateCommand), Array)
#7 /home/kehuang/Codes/Web/Framework/Yii/console/CConsoleCommandRunner.php(71): CConsoleCommand->run(Array)
#8 /home/kehuang/Codes/Web/Framework/Yii/console/CConsoleApplication.php(92): CConsoleCommandRunner->run(Array)
#9 /home/kehuang/Codes/Web/Framework/Yii/base/CApplication.php(180): CConsoleApplication->processRequest()
#10 /home/kehuang/Codes/Web/Framework/Yii/yiic.php(33): CApplication->run()
#11 /home/kehuang/Codes/Web/trackstar/protected/yiic.php(7): require_once('/home/kehuang/C...')
#12 /home/kehuang/Codes/Web/trackstar/protected/yiic(4): require_once('/home/kehuang/C...')
#13 {main}
---
2013/09/05 11:53:52 [error] [system.db.CDbCommand] CDbCommand::fetchAll() failed: SQLSTATE[42S02]: Base table or view not found: 1146 Table 'trackstar.tbl_migration' doesn't exist. The SQL statement executed was: SHOW FULL COLUMNS FROM `tbl_migration`.
2013/09/05 13:10:44 [error] [exception.CHttpException.403] exception 'CHttpException' with message 'You are not authorized to perform this action.' in /home/kehuang/Codes/Web/Framework/Yii/web/auth/CAccessControlFilter.php:182
Stack trace:
#0 /home/kehuang/Codes/Web/Framework/Yii/web/auth/CAccessControlFilter.php(145): CAccessControlFilter->accessDenied(Object(CWebUser), 'You are not aut...')
#1 /home/kehuang/Codes/Web/Framework/Yii/web/filters/CFilter.php(38): CAccessControlFilter->preFilter(Object(CFilterChain))
#2 /home/kehuang/Codes/Web/Framework/Yii/web/CController.php(1145): CFilter->filter(Object(CFilterChain))
#3 /home/kehuang/Codes/Web/Framework/Yii/web/filters/CInlineFilter.php(58): CController->filterAccessControl(Object(CFilterChain))
#4 /home/kehuang/Codes/Web/Framework/Yii/web/filters/CFilterChain.php(130): CInlineFilter->filter(Object(CFilterChain))
#5 /home/kehuang/Codes/Web/Framework/Yii/web/CController.php(291): CFilterChain->run()
#6 /home/kehuang/Codes/Web/Framework/Yii/web/CController.php(265): CController->runActionWithFilters(Object(CInlineAction), Array)
#7 /home/kehuang/Codes/Web/Framework/Yii/web/CWebApplication.php(282): CController->run('admin')
#8 /home/kehuang/Codes/Web/Framework/Yii/web/CWebApplication.php(141): CWebApplication->runController('project/admin')
#9 /home/kehuang/Codes/Web/Framework/Yii/base/CApplication.php(180): CWebApplication->processRequest()
#10 /home/kehuang/Codes/Web/trackstar/index.php(13): CApplication->run()
#11 {main}
REQUEST_URI=/index.php?r=project/admin
HTTP_REFERER=http://www.trackstar.local/index.php?r=project/index
---
2013/09/05 14:38:22 [error] [system.db.CDbCommand] CDbCommand::execute() failed: SQLSTATE[42000]: Syntax error or access violation: 1701 Cannot truncate a table referenced in a foreign key constraint (`trackstar`.`tbl_issue`, CONSTRAINT `fk_issue_requester` FOREIGN KEY (`requester_id`) REFERENCES `trackstar`.`tbl_user` (`id`)). The SQL statement executed was: TRUNCATE TABLE `tbl_user`.
2013/09/05 14:41:52 [error] [system.db.CDbCommand] CDbCommand::execute() failed: SQLSTATE[42000]: Syntax error or access violation: 1701 Cannot truncate a table referenced in a foreign key constraint (`trackstar`.`tbl_issue`, CONSTRAINT `fk_issue_requester` FOREIGN KEY (`requester_id`) REFERENCES `trackstar`.`tbl_user` (`id`)). The SQL statement executed was: TRUNCATE TABLE `tbl_user`.
2013/09/05 14:41:52 [error] [exception.CDbException] exception 'CDbException' with message 'CDbCommand failed to execute the SQL statement: SQLSTATE[42000]: Syntax error or access violation: 1701 Cannot truncate a table referenced in a foreign key constraint (`trackstar`.`tbl_issue`, CONSTRAINT `fk_issue_requester` FOREIGN KEY (`requester_id`) REFERENCES `trackstar`.`tbl_user` (`id`)). The SQL statement executed was: TRUNCATE TABLE `tbl_user`' in /home/kehuang/Codes/Web/Framework/Yii/db/CDbCommand.php:358
Stack trace:
#0 /home/kehuang/Codes/Web/Framework/Yii/db/CDbCommand.php(1359): CDbCommand->execute()
#1 /home/kehuang/Codes/Web/Framework/Yii/db/CDbMigration.php(270): CDbCommand->truncateTable('tbl_user')
#2 /home/kehuang/Codes/Web/trackstar/protected/migrations/m130905_063412_create_issue_user_and_assignment_tables.php(13): CDbMigration->truncateTable('tbl_user')
#3 /home/kehuang/Codes/Web/Framework/Yii/cli/commands/MigrateCommand.php(410): m130905_063412_create_issue_user_and_assignment_tables->down()
#4 /home/kehuang/Codes/Web/Framework/Yii/cli/commands/MigrateCommand.php(145): MigrateCommand->migrateDown('m130905_063412_...')
#5 [internal function]: MigrateCommand->actionDown(Array)
#6 /home/kehuang/Codes/Web/Framework/Yii/console/CConsoleCommand.php(172): ReflectionMethod->invokeArgs(Object(MigrateCommand), Array)
#7 /home/kehuang/Codes/Web/Framework/Yii/console/CConsoleCommandRunner.php(71): CConsoleCommand->run(Array)
#8 /home/kehuang/Codes/Web/Framework/Yii/console/CConsoleApplication.php(92): CConsoleCommandRunner->run(Array)
#9 /home/kehuang/Codes/Web/Framework/Yii/base/CApplication.php(180): CConsoleApplication->processRequest()
#10 /home/kehuang/Codes/Web/Framework/Yii/yiic.php(33): CApplication->run()
#11 /home/kehuang/Codes/Web/trackstar/protected/yiic.php(7): require_once('/home/kehuang/C...')
#12 /home/kehuang/Codes/Web/trackstar/protected/yiic(4): require_once('/home/kehuang/C...')
#13 {main}
---
2013/09/06 14:46:31 [error] [exception.CHttpException.403] exception 'CHttpException' with message 'Must specify a project before performing this action.' in /home/kehuang/Codes/Web/trackstar/protected/controllers/IssueController.php:52
Stack trace:
#0 /home/kehuang/Codes/Web/Framework/Yii/web/filters/CInlineFilter.php(58): IssueController->filterProjectContext(Object(CFilterChain))
#1 /home/kehuang/Codes/Web/Framework/Yii/web/filters/CFilterChain.php(130): CInlineFilter->filter(Object(CFilterChain))
#2 /home/kehuang/Codes/Web/Framework/Yii/web/filters/CFilter.php(40): CFilterChain->run()
#3 /home/kehuang/Codes/Web/Framework/Yii/web/CController.php(1145): CFilter->filter(Object(CFilterChain))
#4 /home/kehuang/Codes/Web/Framework/Yii/web/filters/CInlineFilter.php(58): CController->filterAccessControl(Object(CFilterChain))
#5 /home/kehuang/Codes/Web/Framework/Yii/web/filters/CFilterChain.php(130): CInlineFilter->filter(Object(CFilterChain))
#6 /home/kehuang/Codes/Web/Framework/Yii/web/CController.php(291): CFilterChain->run()
#7 /home/kehuang/Codes/Web/Framework/Yii/web/CController.php(265): CController->runActionWithFilters(Object(CInlineAction), Array)
#8 /home/kehuang/Codes/Web/Framework/Yii/web/CWebApplication.php(282): CController->run('create')
#9 /home/kehuang/Codes/Web/Framework/Yii/web/CWebApplication.php(141): CWebApplication->runController('issue/create')
#10 /home/kehuang/Codes/Web/Framework/Yii/base/CApplication.php(180): CWebApplication->processRequest()
#11 /home/kehuang/Codes/Web/trackstar/index.php(13): CApplication->run()
#12 {main}
REQUEST_URI=/index.php?r=issue/create
HTTP_REFERER=http://www.trackstar.local/index.php?r=site/login
---
2013/09/06 15:03:16 [error] [exception.CHttpException.403] exception 'CHttpException' with message 'Must specify a project before performing this action.' in /home/kehuang/Codes/Web/trackstar/protected/controllers/IssueController.php:52
Stack trace:
#0 /home/kehuang/Codes/Web/Framework/Yii/web/filters/CInlineFilter.php(58): IssueController->filterProjectContext(Object(CFilterChain))
#1 /home/kehuang/Codes/Web/Framework/Yii/web/filters/CFilterChain.php(130): CInlineFilter->filter(Object(CFilterChain))
#2 /home/kehuang/Codes/Web/Framework/Yii/web/filters/CFilter.php(40): CFilterChain->run()
#3 /home/kehuang/Codes/Web/Framework/Yii/web/CController.php(1145): CFilter->filter(Object(CFilterChain))
#4 /home/kehuang/Codes/Web/Framework/Yii/web/filters/CInlineFilter.php(58): CController->filterAccessControl(Object(CFilterChain))
#5 /home/kehuang/Codes/Web/Framework/Yii/web/filters/CFilterChain.php(130): CInlineFilter->filter(Object(CFilterChain))
#6 /home/kehuang/Codes/Web/Framework/Yii/web/CController.php(291): CFilterChain->run()
#7 /home/kehuang/Codes/Web/Framework/Yii/web/CController.php(265): CController->runActionWithFilters(Object(CInlineAction), Array)
#8 /home/kehuang/Codes/Web/Framework/Yii/web/CWebApplication.php(282): CController->run('create')
#9 /home/kehuang/Codes/Web/Framework/Yii/web/CWebApplication.php(141): CWebApplication->runController('issue/create')
#10 /home/kehuang/Codes/Web/Framework/Yii/base/CApplication.php(180): CWebApplication->processRequest()
#11 /home/kehuang/Codes/Web/trackstar/index.php(13): CApplication->run()
#12 {main}
REQUEST_URI=/index.php?r=issue/create
---
2013/09/06 15:03:18 [error] [exception.CHttpException.403] exception 'CHttpException' with message 'Must specify a project before performing this action.' in /home/kehuang/Codes/Web/trackstar/protected/controllers/IssueController.php:52
Stack trace:
#0 /home/kehuang/Codes/Web/Framework/Yii/web/filters/CInlineFilter.php(58): IssueController->filterProjectContext(Object(CFilterChain))
#1 /home/kehuang/Codes/Web/Framework/Yii/web/filters/CFilterChain.php(130): CInlineFilter->filter(Object(CFilterChain))
#2 /home/kehuang/Codes/Web/Framework/Yii/web/filters/CFilter.php(40): CFilterChain->run()
#3 /home/kehuang/Codes/Web/Framework/Yii/web/CController.php(1145): CFilter->filter(Object(CFilterChain))
#4 /home/kehuang/Codes/Web/Framework/Yii/web/filters/CInlineFilter.php(58): CController->filterAccessControl(Object(CFilterChain))
#5 /home/kehuang/Codes/Web/Framework/Yii/web/filters/CFilterChain.php(130): CInlineFilter->filter(Object(CFilterChain))
#6 /home/kehuang/Codes/Web/Framework/Yii/web/CController.php(291): CFilterChain->run()
#7 /home/kehuang/Codes/Web/Framework/Yii/web/CController.php(265): CController->runActionWithFilters(Object(CInlineAction), Array)
#8 /home/kehuang/Codes/Web/Framework/Yii/web/CWebApplication.php(282): CController->run('create')
#9 /home/kehuang/Codes/Web/Framework/Yii/web/CWebApplication.php(141): CWebApplication->runController('issue/create')
#10 /home/kehuang/Codes/Web/Framework/Yii/base/CApplication.php(180): CWebApplication->processRequest()
#11 /home/kehuang/Codes/Web/trackstar/index.php(13): CApplication->run()
#12 {main}
REQUEST_URI=/index.php?r=issue/create
---
2013/09/06 15:38:55 [error] [exception.CHttpException.403] exception 'CHttpException' with message 'Must specify a project before performing this action.' in /home/kehuang/Codes/Web/trackstar/protected/controllers/IssueController.php:52
Stack trace:
#0 /home/kehuang/Codes/Web/Framework/Yii/web/filters/CInlineFilter.php(58): IssueController->filterProjectContext(Object(CFilterChain))
#1 /home/kehuang/Codes/Web/Framework/Yii/web/filters/CFilterChain.php(130): CInlineFilter->filter(Object(CFilterChain))
#2 /home/kehuang/Codes/Web/Framework/Yii/web/filters/CFilter.php(40): CFilterChain->run()
#3 /home/kehuang/Codes/Web/Framework/Yii/web/CController.php(1145): CFilter->filter(Object(CFilterChain))
#4 /home/kehuang/Codes/Web/Framework/Yii/web/filters/CInlineFilter.php(58): CController->filterAccessControl(Object(CFilterChain))
#5 /home/kehuang/Codes/Web/Framework/Yii/web/filters/CFilterChain.php(130): CInlineFilter->filter(Object(CFilterChain))
#6 /home/kehuang/Codes/Web/Framework/Yii/web/CController.php(291): CFilterChain->run()
#7 /home/kehuang/Codes/Web/Framework/Yii/web/CController.php(265): CController->runActionWithFilters(Object(CInlineAction), Array)
#8 /home/kehuang/Codes/Web/Framework/Yii/web/CWebApplication.php(282): CController->run('create')
#9 /home/kehuang/Codes/Web/Framework/Yii/web/CWebApplication.php(141): CWebApplication->runController('issue/create')
#10 /home/kehuang/Codes/Web/Framework/Yii/base/CApplication.php(180): CWebApplication->processRequest()
#11 /home/kehuang/Codes/Web/trackstar/index.php(13): CApplication->run()
#12 {main}
REQUEST_URI=/index.php?r=issue/create
HTTP_REFERER=http://www.trackstar.local/index.php?r=issue/index
---
